<?xml version="1.0" encoding="UTF-8"?>
<!-- Generated by org.testng.reporters.JUnitReportReporter -->
<testsuite skipped="0" hostname="SubhadeepLaptop" name="demoLog.Log4Demo" tests="1" failures="0" timestamp="24 Jun 2021 17:17:52 GMT" time="10.585" errors="0">
  <testcase name="LoggerDemo" time="10.585" classname="demoLog.Log4Demo"/>
</testsuite> <!-- demoLog.Log4Demo -->
